<?xml version="1.0" encoding="UTF-8"?>
<!-- Generated by org.testng.reporters.JUnitReportReporter -->
<testsuite hostname="Sreekumar" name="com.lufthansa.qa.testcases.LufthansaLoginPageTest" tests="3" failures="0" timestamp="17 Mar 2021 11:23:47 GMT" time="67.750" errors="0">
  <testcase name="lufthansaLogoTest" time="15.136" classname="com.lufthansa.qa.testcases.LufthansaLoginPageTest"/>
  <testcase name="lufthansaLoginPageTitleTest" time="26.389" classname="com.lufthansa.qa.testcases.LufthansaLoginPageTest"/>
  <testcase name="lufthansaLoginTest" time="26.225" classname="com.lufthansa.qa.testcases.LufthansaLoginPageTest"/>
</testsuite> <!-- com.lufthansa.qa.testcases.LufthansaLoginPageTest -->
