<?xml version="1.0" encoding="UTF-8"?>
<!-- Generated by org.testng.reporters.JUnitReportReporter -->
<testsuite hostname="Sreekumar" name="com.lufthansa.qa.testcases.LufthansaLoginPageTest" tests="3" failures="0" timestamp="19 Mar 2021 10:08:51 GMT" time="72.313" errors="0">
  <testcase name="lufthansaLoginPageTitleTest" time="27.806" classname="com.lufthansa.qa.testcases.LufthansaLoginPageTest"/>
  <testcase name="lufthansaLogoTest" time="15.880" classname="com.lufthansa.qa.testcases.LufthansaLoginPageTest"/>
  <testcase name="lufthansaLoginTest" time="28.627" classname="com.lufthansa.qa.testcases.LufthansaLoginPageTest"/>
</testsuite> <!-- com.lufthansa.qa.testcases.LufthansaLoginPageTest -->
