<?xml version="1.0" encoding="UTF-8"?>
<!-- Generated by org.testng.reporters.JUnitReportReporter -->
<testsuite hostname="Sreekumar" name="com.lufthansa.qa.testcases.LufthansaLoginPageTest" tests="3" failures="0" timestamp="19 Mar 2021 09:56:28 GMT" time="153.346" errors="0">
  <testcase name="lufthansaLogoTest" time="51.368" classname="com.lufthansa.qa.testcases.LufthansaLoginPageTest"/>
  <testcase name="lufthansaLoginPageTitleTest" time="33.600" classname="com.lufthansa.qa.testcases.LufthansaLoginPageTest"/>
  <testcase name="lufthansaLoginTest" time="68.378" classname="com.lufthansa.qa.testcases.LufthansaLoginPageTest"/>
</testsuite> <!-- com.lufthansa.qa.testcases.LufthansaLoginPageTest -->
