<?xml version="1.0" encoding="UTF-8"?>
<!-- Generated by org.testng.reporters.JUnitReportReporter -->
<testsuite hostname="Sreekumar" name="com.lufthansa.qa.testcases.LufthansaLoginPageTest" tests="3" failures="0" timestamp="17 Mar 2021 11:21:55 GMT" time="90.096" errors="0">
  <testcase name="lufthansaLoginPageTitleTest" time="33.937" classname="com.lufthansa.qa.testcases.LufthansaLoginPageTest"/>
  <testcase name="lufthansaLogoTest" time="25.674" classname="com.lufthansa.qa.testcases.LufthansaLoginPageTest"/>
  <testcase name="lufthansaLoginTest" time="30.485" classname="com.lufthansa.qa.testcases.LufthansaLoginPageTest"/>
</testsuite> <!-- com.lufthansa.qa.testcases.LufthansaLoginPageTest -->
